<?xml version="1.0" encoding="UTF-8"?>
<!-- Generated by org.testng.reporters.JUnitReportReporter -->
<testsuite skipped="0" hostname="premalathas-MacBook-Air.local" name="testcases.FBLoginTest" tests="1" failures="0" timestamp="01 Nov 2019 00:30:09 GMT" time="5.012" errors="0">
  <testcase name="initialise" time="5.012" classname="testcases.FBLoginTest"/>
</testsuite> <!-- testcases.FBLoginTest -->
