<?xml version="1.0" encoding="UTF-8"?>
<!-- Generated by org.testng.reporters.JUnitReportReporter -->
<testsuite skipped="0" hostname="premalathas-MacBook-Air.local" name="testcases.FBLoginTest" tests="1" failures="0" timestamp="22 Oct 2019 22:03:07 GMT" time="6.401" errors="0">
  <testcase name="initialise" time="6.401" classname="testcases.FBLoginTest"/>
</testsuite> <!-- testcases.FBLoginTest -->
